<?xml version="1.0" encoding="UTF-8"?>
<testng-results skipped="0" failed="0" total="1" passed="1">
  <reporter-output>
  </reporter-output>
  <suite name="Default suite" duration-ms="10496" started-at="2014-06-11T18:49:06Z" finished-at="2014-06-11T18:49:17Z">
    <groups>
    </groups>
    <test name="Default test" duration-ms="10496" started-at="2014-06-11T18:49:06Z" finished-at="2014-06-11T18:49:17Z">
      <class name="com.example.tests.ContactCreationTests">
        <test-method status="PASS" signature="setUp()[pri:0, instance:com.example.tests.ContactCreationTests@2d6d8735]" name="setUp" is-config="true" duration-ms="7867" started-at="2014-06-11T21:49:06Z" finished-at="2014-06-11T21:49:14Z">
          <reporter-output>
          </reporter-output>
        </test-method> <!-- setUp -->
        <test-method status="PASS" signature="testNonEmptyContactCreation()[pri:0, instance:com.example.tests.ContactCreationTests@2d6d8735]" name="testNonEmptyContactCreation" duration-ms="2477" started-at="2014-06-11T21:49:14Z" finished-at="2014-06-11T21:49:17Z">
          <reporter-output>
          </reporter-output>
        </test-method> <!-- testNonEmptyContactCreation -->
        <test-method status="PASS" signature="tearDown()[pri:0, instance:com.example.tests.ContactCreationTests@2d6d8735]" name="tearDown" is-config="true" duration-ms="142" started-at="2014-06-11T21:49:17Z" finished-at="2014-06-11T21:49:17Z">
          <reporter-output>
          </reporter-output>
        </test-method> <!-- tearDown -->
      </class> <!-- com.example.tests.ContactCreationTests -->
    </test> <!-- Default test -->
  </suite> <!-- Default suite -->
</testng-results>
