<?xml version="1.0" encoding="UTF-8"?>
<!-- Generated by org.testng.reporters.JUnitXMLReporter -->
<testsuite hostname="Squirrel-Helper" name="Default test" tests="4" failures="0" timestamp="25 May 2014 11:27:03 GMT" time="11.827" errors="0">
  <testcase name="testEmptyGroupCreation" time="0.965" classname="com.example.tests.GroupCreationTests"/>
  <testcase name="testNonEmptyGroupCreation" time="0.745" classname="com.example.tests.GroupCreationTests"/>
  <testcase name="testEmptyContactCreation" time="1.142" classname="com.example.tests.ContactCreationTests"/>
  <testcase name="testNonEmptyContactCreation" time="1.451" classname="com.example.tests.ContactCreationTests"/>
</testsuite> <!-- Default test -->
